<?xml version="1.0" encoding="UTF-8"?>
<testng-results skipped="0" failed="0" ignored="0" total="1" passed="1">
  <reporter-output>
  </reporter-output>
  <suite name="Default suite" duration-ms="7652" started-at="2020-04-26T23:22:24Z" finished-at="2020-04-26T23:22:32Z">
    <groups>
    </groups>
    <test name="Default test" duration-ms="7652" started-at="2020-04-26T23:22:24Z" finished-at="2020-04-26T23:22:32Z">
      <class name="RestassuredTests.demo2_postrequest">
        <test-method status="PASS" signature="postdata()[pri:0, instance:RestassuredTests.demo2_postrequest@29774679]" name="postdata" is-config="true" duration-ms="913" started-at="2020-04-27T04:52:25Z" finished-at="2020-04-27T04:52:25Z">
          <reporter-output>
          </reporter-output>
        </test-method> <!-- postdata -->
        <test-method status="PASS" signature="testpost()[pri:0, instance:RestassuredTests.demo2_postrequest@29774679]" name="testpost" duration-ms="6657" started-at="2020-04-27T04:52:25Z" finished-at="2020-04-27T04:52:32Z">
          <reporter-output>
          </reporter-output>
        </test-method> <!-- testpost -->
      </class> <!-- RestassuredTests.demo2_postrequest -->
    </test> <!-- Default test -->
  </suite> <!-- Default suite -->
</testng-results>
